<?xml version="1.0" encoding="UTF-8"?>
<testng-results skipped="0" failed="0" ignored="0" total="1" passed="1">
  <reporter-output>
  </reporter-output>
  <suite name="Smoke" duration-ms="44803" started-at="2019-11-19T06:29:43Z" finished-at="2019-11-19T06:30:27Z">
    <groups>
      <group name="cucumber">
        <method signature="AbstractTestNGCucumberTests.feature(cucumber.api.testng.CucumberFeatureWrapper)[pri:0, instance:com.cloudamize.cmp.automation.cucumber.runners.LoginTestRunner$RunTest@68c4039c]" name="feature" class="cucumber.api.testng.AbstractTestNGCucumberTests"/>
      </group> <!-- cucumber -->
    </groups>
    <test name="Cloudamize Login" duration-ms="44803" started-at="2019-11-19T06:29:43Z" finished-at="2019-11-19T06:30:27Z">
      <class name="com.cloudamize.cmp.automation.cucumber.runners.LoginTestRunner$RunTest">
        <test-method status="PASS" signature="setUpClass()[pri:0, instance:com.cloudamize.cmp.automation.cucumber.runners.LoginTestRunner$RunTest@68c4039c]" name="setUpClass" is-config="true" duration-ms="164" started-at="2019-11-19T11:59:43Z" finished-at="2019-11-19T11:59:43Z">
          <reporter-output>
          </reporter-output>
        </test-method> <!-- setUpClass -->
        <test-method status="PASS" signature="feature(cucumber.api.testng.CucumberFeatureWrapper)[pri:0, instance:com.cloudamize.cmp.automation.cucumber.runners.LoginTestRunner$RunTest@68c4039c]" name="feature" duration-ms="44546" started-at="2019-11-19T11:59:43Z" description="Runs Cucumber Feature" data-provider="features" finished-at="2019-11-19T12:00:27Z">
          <params>
            <param index="0">
              <value>
                <![CDATA[Test login to cloudamize response]]>
              </value>
            </param>
          </params>
          <reporter-output>
          </reporter-output>
        </test-method> <!-- feature -->
        <test-method status="PASS" signature="tearDownClass()[pri:0, instance:com.cloudamize.cmp.automation.cucumber.runners.LoginTestRunner$RunTest@68c4039c]" name="tearDownClass" is-config="true" duration-ms="4" started-at="2019-11-19T12:00:27Z" finished-at="2019-11-19T12:00:27Z">
          <reporter-output>
          </reporter-output>
        </test-method> <!-- tearDownClass -->
      </class> <!-- com.cloudamize.cmp.automation.cucumber.runners.LoginTestRunner$RunTest -->
    </test> <!-- Cloudamize Login -->
  </suite> <!-- Smoke -->
</testng-results>
